2024-11-21 23:56:12,759 - INFO - Redis успешно инициализирован.
2024-11-21 23:57:21,572 - INFO - Соединение с Redis закрыто.
2024-11-21 23:59:56,057 - INFO - Redis успешно инициализирован.
2024-11-21 23:59:59,877 - INFO - Соединение с Redis закрыто.
2024-11-22 00:03:03,248 - INFO - Redis успешно инициализирован.
2024-11-22 00:03:54,060 - INFO - Redis успешно инициализирован.
2024-11-22 00:07:11,816 - INFO - Соединение с Redis закрыто.
2024-11-22 00:07:13,645 - INFO - Инициализация приложения...
2024-11-22 00:07:13,645 - INFO - Redis успешно инициализирован.
2024-11-22 00:07:24,348 - INFO - Соединение с Redis закрыто.
2024-11-22 00:07:24,348 - INFO - Приложение остановлено.
2024-12-11 00:38:28,155 - INFO - Инициализация приложения...
2024-12-11 00:38:28,155 - INFO - Redis успешно инициализирован.
2024-12-11 00:54:58,160 - INFO - Соединение с Redis закрыто.
2024-12-11 00:54:58,160 - INFO - Приложение остановлено.
2024-12-14 11:10:29,682 - INFO - Инициализация приложения...
2024-12-14 11:10:29,682 - INFO - Redis успешно инициализирован.
2024-12-14 11:15:00,134 - INFO - Соединение с Redis закрыто.
2024-12-14 11:15:00,134 - INFO - Приложение остановлено.
2024-12-14 11:15:02,086 - INFO - Инициализация приложения...
2024-12-14 11:15:02,087 - INFO - Redis успешно инициализирован.
2024-12-14 12:12:09,103 - INFO - Соединение с Redis закрыто.
2024-12-14 12:12:09,103 - INFO - Приложение остановлено.
2024-12-14 12:12:17,270 - INFO - Инициализация приложения...
2024-12-14 12:12:17,271 - INFO - Redis успешно инициализирован.
2024-12-14 12:14:03,771 - INFO - Соединение с Redis закрыто.
2024-12-14 12:14:03,771 - INFO - Приложение остановлено.
INFO:app:РРЅРёС†РёР°Р»РёР·Р°С†РёСЏ РїСЂРёР»РѕР¶РµРЅРёСЏ...
INFO:app:Redis СѓСЃРїРµС€РЅРѕ РёРЅРёС†РёР°Р»РёР·РёСЂРѕРІР°РЅ.
INFO:app:РЎРѕРµРґРёРЅРµРЅРёРµ СЃ Redis Р·Р°РєСЂС‹С‚Рѕ.
INFO:app:РџСЂРёР»РѕР¶РµРЅРёРµ РѕСЃС‚Р°РЅРѕРІР»РµРЅРѕ.
INFO:app:РРЅРёС†РёР°Р»РёР·Р°С†РёСЏ РїСЂРёР»РѕР¶РµРЅРёСЏ...
INFO:app:Redis СѓСЃРїРµС€РЅРѕ РёРЅРёС†РёР°Р»РёР·РёСЂРѕРІР°РЅ.
INFO:app:РџРѕР»СѓС‡РµРЅ webhook - РЅР°С‡Р°Р»Рѕ РѕР±СЂР°Р±РѕС‚РєРё
INFO:app:РџРѕР»СѓС‡РµРЅРѕ СЃРѕР±С‹С‚РёРµ: payment.succeeded, ID РїР»Р°С‚РµР¶Р°: 2f7f9449-000f-5000-b000-1714f462f6cb, СЃСѓРјРјР°: 199.00 RUB, РїРѕР»СЊР·РѕРІР°С‚РµР»СЊ: 456717505
ERROR:app:РћС€РёР±РєР° РѕР±СЂР°Р±РѕС‚РєРё РІРµР±С…СѓРєР°: Error Multiple exceptions: [Errno 10061] Connect call failed ('::1', 6379, 0, 0), [Errno 10061] Connect call failed ('127.0.0.1', 6379) connecting to localhost:6379.
INFO:app:РџРѕР»СѓС‡РµРЅ webhook - РЅР°С‡Р°Р»Рѕ РѕР±СЂР°Р±РѕС‚РєРё
INFO:app:РџРѕР»СѓС‡РµРЅРѕ СЃРѕР±С‹С‚РёРµ: payment.succeeded, ID РїР»Р°С‚РµР¶Р°: 2f7f9449-000f-5000-b000-1714f462f6cb, СЃСѓРјРјР°: 199.00 RUB, РїРѕР»СЊР·РѕРІР°С‚РµР»СЊ: 456717505
ERROR:app:РћС€РёР±РєР° РѕР±СЂР°Р±РѕС‚РєРё РІРµР±С…СѓРєР°: Error Multiple exceptions: [Errno 10061] Connect call failed ('::1', 6379, 0, 0), [Errno 10061] Connect call failed ('127.0.0.1', 6379) connecting to localhost:6379.
INFO:app:РџРѕР»СѓС‡РµРЅ webhook - РЅР°С‡Р°Р»Рѕ РѕР±СЂР°Р±РѕС‚РєРё
INFO:app:РџРѕР»СѓС‡РµРЅРѕ СЃРѕР±С‹С‚РёРµ: payment.succeeded, ID РїР»Р°С‚РµР¶Р°: 2f7f9449-000f-5000-b000-1714f462f6cb, СЃСѓРјРјР°: 199.00 RUB, РїРѕР»СЊР·РѕРІР°С‚РµР»СЊ: 456717505
ERROR:app:РћС€РёР±РєР° РѕР±СЂР°Р±РѕС‚РєРё РІРµР±С…СѓРєР°: Error Multiple exceptions: [Errno 10061] Connect call failed ('::1', 6379, 0, 0), [Errno 10061] Connect call failed ('127.0.0.1', 6379) connecting to localhost:6379.
INFO:app:РџРѕР»СѓС‡РµРЅ webhook - РЅР°С‡Р°Р»Рѕ РѕР±СЂР°Р±РѕС‚РєРё
INFO:app:РџРѕР»СѓС‡РµРЅРѕ СЃРѕР±С‹С‚РёРµ: payment.succeeded, ID РїР»Р°С‚РµР¶Р°: 2f7f90bc-000f-5000-b000-1bf6c2f96108, СЃСѓРјРјР°: 199.00 RUB, РїРѕР»СЊР·РѕРІР°С‚РµР»СЊ: 456717505
ERROR:app:РћС€РёР±РєР° РѕР±СЂР°Р±РѕС‚РєРё РІРµР±С…СѓРєР°: Error Multiple exceptions: [Errno 10061] Connect call failed ('::1', 6379, 0, 0), [Errno 10061] Connect call failed ('127.0.0.1', 6379) connecting to localhost:6379.
INFO:app:РџРѕР»СѓС‡РµРЅ webhook - РЅР°С‡Р°Р»Рѕ РѕР±СЂР°Р±РѕС‚РєРё
INFO:app:РџРѕР»СѓС‡РµРЅРѕ СЃРѕР±С‹С‚РёРµ: payment.succeeded, ID РїР»Р°С‚РµР¶Р°: 2f7f9449-000f-5000-b000-1714f462f6cb, СЃСѓРјРјР°: 199.00 RUB, РїРѕР»СЊР·РѕРІР°С‚РµР»СЊ: 456717505
ERROR:app:РћС€РёР±РєР° РѕР±СЂР°Р±РѕС‚РєРё РІРµР±С…СѓРєР°: Error Multiple exceptions: [Errno 10061] Connect call failed ('::1', 6379, 0, 0), [Errno 10061] Connect call failed ('127.0.0.1', 6379) connecting to localhost:6379.
INFO:app:РЎРѕРµРґРёРЅРµРЅРёРµ СЃ Redis Р·Р°РєСЂС‹С‚Рѕ.
INFO:app:РџСЂРёР»РѕР¶РµРЅРёРµ РѕСЃС‚Р°РЅРѕРІР»РµРЅРѕ.
INFO:app:РРЅРёС†РёР°Р»РёР·Р°С†РёСЏ РїСЂРёР»РѕР¶РµРЅРёСЏ...
INFO:app:Redis СѓСЃРїРµС€РЅРѕ РёРЅРёС†РёР°Р»РёР·РёСЂРѕРІР°РЅ.
INFO:__main__:РРЅРёС†РёР°Р»РёР·Р°С†РёСЏ РїСЂРёР»РѕР¶РµРЅРёСЏ...
INFO:__main__:Redis СѓСЃРїРµС€РЅРѕ РёРЅРёС†РёР°Р»РёР·РёСЂРѕРІР°РЅ.
INFO:__main__:РЎРѕРµРґРёРЅРµРЅРёРµ СЃ Redis Р·Р°РєСЂС‹С‚Рѕ.
INFO:__main__:РџСЂРёР»РѕР¶РµРЅРёРµ РѕСЃС‚Р°РЅРѕРІР»РµРЅРѕ.
INFO:__main__:РРЅРёС†РёР°Р»РёР·Р°С†РёСЏ РїСЂРёР»РѕР¶РµРЅРёСЏ...
INFO:__main__:Redis СѓСЃРїРµС€РЅРѕ РёРЅРёС†РёР°Р»РёР·РёСЂРѕРІР°РЅ.
INFO:__main__:РЎРѕРµРґРёРЅРµРЅРёРµ СЃ Redis Р·Р°РєСЂС‹С‚Рѕ.
INFO:__main__:РџСЂРёР»РѕР¶РµРЅРёРµ РѕСЃС‚Р°РЅРѕРІР»РµРЅРѕ.
INFO:app:РџРѕР»СѓС‡РµРЅ webhook - РЅР°С‡Р°Р»Рѕ РѕР±СЂР°Р±РѕС‚РєРё
INFO:app:РџРѕР»СѓС‡РµРЅРѕ СЃРѕР±С‹С‚РёРµ: payment.succeeded, ID РїР»Р°С‚РµР¶Р°: 2f7f9449-000f-5000-b000-1714f462f6cb, СЃСѓРјРјР°: 199.00 RUB, РїРѕР»СЊР·РѕРІР°С‚РµР»СЊ: 456717505
ERROR:app:РћС€РёР±РєР° РѕР±СЂР°Р±РѕС‚РєРё РІРµР±С…СѓРєР°: argument of type 'float' is not iterable
INFO:app:РџРѕР»СѓС‡РµРЅ webhook - РЅР°С‡Р°Р»Рѕ РѕР±СЂР°Р±РѕС‚РєРё
INFO:app:РџРѕР»СѓС‡РµРЅРѕ СЃРѕР±С‹С‚РёРµ: payment.succeeded, ID РїР»Р°С‚РµР¶Р°: 2f7f91e9-000f-5000-9000-100919e1e4a1, СЃСѓРјРјР°: 199.00 RUB, РїРѕР»СЊР·РѕРІР°С‚РµР»СЊ: 456717505
ERROR:app:РћС€РёР±РєР° РѕР±СЂР°Р±РѕС‚РєРё РІРµР±С…СѓРєР°: argument of type 'float' is not iterable
INFO:__main__:РРЅРёС†РёР°Р»РёР·Р°С†РёСЏ РїСЂРёР»РѕР¶РµРЅРёСЏ...
INFO:__main__:Redis СѓСЃРїРµС€РЅРѕ РёРЅРёС†РёР°Р»РёР·РёСЂРѕРІР°РЅ.
INFO:__main__:РЎРѕРµРґРёРЅРµРЅРёРµ СЃ Redis Р·Р°РєСЂС‹С‚Рѕ.
INFO:__main__:РџСЂРёР»РѕР¶РµРЅРёРµ РѕСЃС‚Р°РЅРѕРІР»РµРЅРѕ.
INFO:app:РРЅРёС†РёР°Р»РёР·Р°С†РёСЏ РїСЂРёР»РѕР¶РµРЅРёСЏ...
INFO:app:Redis СѓСЃРїРµС€РЅРѕ РёРЅРёС†РёР°Р»РёР·РёСЂРѕРІР°РЅ.
INFO:app:РџРѕР»СѓС‡РµРЅ webhook - РЅР°С‡Р°Р»Рѕ РѕР±СЂР°Р±РѕС‚РєРё
INFO:app:РџРѕР»СѓС‡РµРЅРѕ СЃРѕР±С‹С‚РёРµ: payment.succeeded, ID РїР»Р°С‚РµР¶Р°: 2f7f962f-000f-5000-9000-16bd7deac114, СЃСѓРјРјР°: 549.00 RUB, РїРѕР»СЊР·РѕРІР°С‚РµР»СЊ: 456717505
ERROR:app:РћС€РёР±РєР° РѕР±СЂР°Р±РѕС‚РєРё РІРµР±С…СѓРєР°: argument of type 'float' is not iterable
INFO:app:РџРѕР»СѓС‡РµРЅ webhook - РЅР°С‡Р°Р»Рѕ РѕР±СЂР°Р±РѕС‚РєРё
INFO:app:РџРѕР»СѓС‡РµРЅРѕ СЃРѕР±С‹С‚РёРµ: payment.succeeded, ID РїР»Р°С‚РµР¶Р°: 2f7f962f-000f-5000-9000-16bd7deac114, СЃСѓРјРјР°: 549.00 RUB, РїРѕР»СЊР·РѕРІР°С‚РµР»СЊ: 456717505
ERROR:app:РћС€РёР±РєР° РѕР±СЂР°Р±РѕС‚РєРё РІРµР±С…СѓРєР°: argument of type 'float' is not iterable
INFO:app:РџРѕР»СѓС‡РµРЅ webhook - РЅР°С‡Р°Р»Рѕ РѕР±СЂР°Р±РѕС‚РєРё
INFO:app:РџРѕР»СѓС‡РµРЅРѕ СЃРѕР±С‹С‚РёРµ: payment.succeeded, ID РїР»Р°С‚РµР¶Р°: 2f7f962f-000f-5000-9000-16bd7deac114, СЃСѓРјРјР°: 549.00 RUB, РїРѕР»СЊР·РѕРІР°С‚РµР»СЊ: 456717505
ERROR:app:РћС€РёР±РєР° РѕР±СЂР°Р±РѕС‚РєРё РІРµР±С…СѓРєР°: argument of type 'float' is not iterable
INFO:app:РџРѕР»СѓС‡РµРЅ webhook - РЅР°С‡Р°Р»Рѕ РѕР±СЂР°Р±РѕС‚РєРё
INFO:app:РџРѕР»СѓС‡РµРЅРѕ СЃРѕР±С‹С‚РёРµ: payment.succeeded, ID РїР»Р°С‚РµР¶Р°: 2f7f962f-000f-5000-9000-16bd7deac114, СЃСѓРјРјР°: 549.00 RUB, РїРѕР»СЊР·РѕРІР°С‚РµР»СЊ: 456717505
ERROR:app:РћС€РёР±РєР° РѕР±СЂР°Р±РѕС‚РєРё РІРµР±С…СѓРєР°: argument of type 'float' is not iterable
INFO:app:РџРѕР»СѓС‡РµРЅ webhook - РЅР°С‡Р°Р»Рѕ РѕР±СЂР°Р±РѕС‚РєРё
INFO:app:РџРѕР»СѓС‡РµРЅРѕ СЃРѕР±С‹С‚РёРµ: payment.succeeded, ID РїР»Р°С‚РµР¶Р°: 2f7f962f-000f-5000-9000-16bd7deac114, СЃСѓРјРјР°: 549.00 RUB, РїРѕР»СЊР·РѕРІР°С‚РµР»СЊ: 456717505
ERROR:app:РћС€РёР±РєР° РѕР±СЂР°Р±РѕС‚РєРё РІРµР±С…СѓРєР°: argument of type 'float' is not iterable
INFO:app:РџРѕР»СѓС‡РµРЅ webhook - РЅР°С‡Р°Р»Рѕ РѕР±СЂР°Р±РѕС‚РєРё
INFO:app:РџРѕР»СѓС‡РµРЅРѕ СЃРѕР±С‹С‚РёРµ: payment.succeeded, ID РїР»Р°С‚РµР¶Р°: 2f7f9449-000f-5000-b000-1714f462f6cb, СЃСѓРјРјР°: 199.00 RUB, РїРѕР»СЊР·РѕРІР°С‚РµР»СЊ: 456717505
ERROR:app:РћС€РёР±РєР° РѕР±СЂР°Р±РѕС‚РєРё РІРµР±С…СѓРєР°: argument of type 'float' is not iterable
INFO:app:РЎРѕРµРґРёРЅРµРЅРёРµ СЃ Redis Р·Р°РєСЂС‹С‚Рѕ.
INFO:app:РџСЂРёР»РѕР¶РµРЅРёРµ РѕСЃС‚Р°РЅРѕРІР»РµРЅРѕ.
INFO:app:РРЅРёС†РёР°Р»РёР·Р°С†РёСЏ РїСЂРёР»РѕР¶РµРЅРёСЏ...
INFO:app:Redis СѓСЃРїРµС€РЅРѕ РёРЅРёС†РёР°Р»РёР·РёСЂРѕРІР°РЅ.
INFO:app:РЎРѕРµРґРёРЅРµРЅРёРµ СЃ Redis Р·Р°РєСЂС‹С‚Рѕ.
INFO:app:РџСЂРёР»РѕР¶РµРЅРёРµ РѕСЃС‚Р°РЅРѕРІР»РµРЅРѕ.
INFO:app:РРЅРёС†РёР°Р»РёР·Р°С†РёСЏ РїСЂРёР»РѕР¶РµРЅРёСЏ...
INFO:app:Redis СѓСЃРїРµС€РЅРѕ РёРЅРёС†РёР°Р»РёР·РёСЂРѕРІР°РЅ.
INFO:app:вњ… РџРѕРґРєР»СЋС‡РµРЅРёРµ Рє Redis РїСЂРѕС€Р»Рѕ СѓСЃРїРµС€РЅРѕ.
INFO:app:РЎРѕРµРґРёРЅРµРЅРёРµ СЃ Redis Р·Р°РєСЂС‹С‚Рѕ.
INFO:app:РџСЂРёР»РѕР¶РµРЅРёРµ РѕСЃС‚Р°РЅРѕРІР»РµРЅРѕ.
INFO:app:РРЅРёС†РёР°Р»РёР·Р°С†РёСЏ РїСЂРёР»РѕР¶РµРЅРёСЏ...
INFO:app:Redis СѓСЃРїРµС€РЅРѕ РёРЅРёС†РёР°Р»РёР·РёСЂРѕРІР°РЅ.
INFO:app:вњ… РџРѕРґРєР»СЋС‡РµРЅРёРµ Рє Redis РїСЂРѕС€Р»Рѕ СѓСЃРїРµС€РЅРѕ.
INFO:app:РЎРѕРµРґРёРЅРµРЅРёРµ СЃ Redis Р·Р°РєСЂС‹С‚Рѕ.
INFO:app:РџСЂРёР»РѕР¶РµРЅРёРµ РѕСЃС‚Р°РЅРѕРІР»РµРЅРѕ.
INFO:app:РРЅРёС†РёР°Р»РёР·Р°С†РёСЏ РїСЂРёР»РѕР¶РµРЅРёСЏ...
INFO:app:Redis СѓСЃРїРµС€РЅРѕ РёРЅРёС†РёР°Р»РёР·РёСЂРѕРІР°РЅ.
INFO:app:вњ… РџРѕРґРєР»СЋС‡РµРЅРёРµ Рє Redis РїСЂРѕС€Р»Рѕ СѓСЃРїРµС€РЅРѕ.
INFO:app:РЎРѕРµРґРёРЅРµРЅРёРµ СЃ Redis Р·Р°РєСЂС‹С‚Рѕ.
INFO:app:РџСЂРёР»РѕР¶РµРЅРёРµ РѕСЃС‚Р°РЅРѕРІР»РµРЅРѕ.
INFO:app:РРЅРёС†РёР°Р»РёР·Р°С†РёСЏ РїСЂРёР»РѕР¶РµРЅРёСЏ...
INFO:app:Redis СѓСЃРїРµС€РЅРѕ РёРЅРёС†РёР°Р»РёР·РёСЂРѕРІР°РЅ.
INFO:app:вњ… РџРѕРґРєР»СЋС‡РµРЅРёРµ Рє Redis РїСЂРѕС€Р»Рѕ СѓСЃРїРµС€РЅРѕ.
INFO:app:РЎРѕРµРґРёРЅРµРЅРёРµ СЃ Redis Р·Р°РєСЂС‹С‚Рѕ.
INFO:app:РџСЂРёР»РѕР¶РµРЅРёРµ РѕСЃС‚Р°РЅРѕРІР»РµРЅРѕ.
INFO:app:РРЅРёС†РёР°Р»РёР·Р°С†РёСЏ РїСЂРёР»РѕР¶РµРЅРёСЏ...
INFO:app:Redis СѓСЃРїРµС€РЅРѕ РёРЅРёС†РёР°Р»РёР·РёСЂРѕРІР°РЅ.
INFO:app:вњ… РџРѕРґРєР»СЋС‡РµРЅРёРµ Рє Redis РїСЂРѕС€Р»Рѕ СѓСЃРїРµС€РЅРѕ.
INFO:app:РЎРѕРµРґРёРЅРµРЅРёРµ СЃ Redis Р·Р°РєСЂС‹С‚Рѕ.
INFO:app:РџСЂРёР»РѕР¶РµРЅРёРµ РѕСЃС‚Р°РЅРѕРІР»РµРЅРѕ.
INFO:app:РРЅРёС†РёР°Р»РёР·Р°С†РёСЏ РїСЂРёР»РѕР¶РµРЅРёСЏ...
INFO:app:Redis СѓСЃРїРµС€РЅРѕ РёРЅРёС†РёР°Р»РёР·РёСЂРѕРІР°РЅ.
INFO:app:вњ… РџРѕРґРєР»СЋС‡РµРЅРёРµ Рє Redis РїСЂРѕС€Р»Рѕ СѓСЃРїРµС€РЅРѕ.
INFO:app:РЎРѕРµРґРёРЅРµРЅРёРµ СЃ Redis Р·Р°РєСЂС‹С‚Рѕ.
INFO:app:РџСЂРёР»РѕР¶РµРЅРёРµ РѕСЃС‚Р°РЅРѕРІР»РµРЅРѕ.
INFO:app:РРЅРёС†РёР°Р»РёР·Р°С†РёСЏ РїСЂРёР»РѕР¶РµРЅРёСЏ...
INFO:app:Redis СѓСЃРїРµС€РЅРѕ РёРЅРёС†РёР°Р»РёР·РёСЂРѕРІР°РЅ.
INFO:app:вњ… РџРѕРґРєР»СЋС‡РµРЅРёРµ Рє Redis РїСЂРѕС€Р»Рѕ СѓСЃРїРµС€РЅРѕ.
INFO:app:РџРѕР»СѓС‡РµРЅ webhook - РЅР°С‡Р°Р»Рѕ РѕР±СЂР°Р±РѕС‚РєРё
INFO:app:РџРѕР»СѓС‡РµРЅРѕ СЃРѕР±С‹С‚РёРµ: payment.succeeded, ID РїР»Р°С‚РµР¶Р°: 2f7f9e05-000f-5000-8000-17052f9d599e, СЃСѓРјРјР°: 199.00 RUB, РїРѕР»СЊР·РѕРІР°С‚РµР»СЊ: 456717505
INFO:app:РџР»Р°С‚С‘Р¶ 2f7f9e05-000f-5000-8000-17052f9d599e РґРѕР±Р°РІР»РµРЅ РІ РѕС‡РµСЂРµРґСЊ Redis
INFO:app:Р”РѕР±Р°РІР»РµРЅР° РЅРѕРІР°СЏ Р·Р°РїРёСЃСЊ Рѕ РїР»Р°С‚РµР¶Рµ СЃ payment_id=2f7f9e05-000f-5000-8000-17052f9d599e
INFO:app:РџРѕР»СѓС‡РµРЅ webhook - РЅР°С‡Р°Р»Рѕ РѕР±СЂР°Р±РѕС‚РєРё
INFO:app:РџРѕР»СѓС‡РµРЅРѕ СЃРѕР±С‹С‚РёРµ: payment.succeeded, ID РїР»Р°С‚РµР¶Р°: 2f7fa02e-000f-5000-b000-1eb165844f23, СЃСѓРјРјР°: 549.00 RUB, РїРѕР»СЊР·РѕРІР°С‚РµР»СЊ: 456717505
INFO:app:РџР»Р°С‚С‘Р¶ 2f7fa02e-000f-5000-b000-1eb165844f23 РґРѕР±Р°РІР»РµРЅ РІ РѕС‡РµСЂРµРґСЊ Redis
INFO:app:Р”РѕР±Р°РІР»РµРЅР° РЅРѕРІР°СЏ Р·Р°РїРёСЃСЊ Рѕ РїР»Р°С‚РµР¶Рµ СЃ payment_id=2f7fa02e-000f-5000-b000-1eb165844f23
INFO:app:РџРѕР»СѓС‡РµРЅ webhook - РЅР°С‡Р°Р»Рѕ РѕР±СЂР°Р±РѕС‚РєРё
INFO:app:РџРѕР»СѓС‡РµРЅРѕ СЃРѕР±С‹С‚РёРµ: payment.succeeded, ID РїР»Р°С‚РµР¶Р°: 2f7fa079-000f-5000-9000-1589ea937249, СЃСѓРјРјР°: 1049.00 RUB, РїРѕР»СЊР·РѕРІР°С‚РµР»СЊ: 456717505
INFO:app:РџР»Р°С‚С‘Р¶ 2f7fa079-000f-5000-9000-1589ea937249 РґРѕР±Р°РІР»РµРЅ РІ РѕС‡РµСЂРµРґСЊ Redis
INFO:app:Р”РѕР±Р°РІР»РµРЅР° РЅРѕРІР°СЏ Р·Р°РїРёСЃСЊ Рѕ РїР»Р°С‚РµР¶Рµ СЃ payment_id=2f7fa079-000f-5000-9000-1589ea937249
INFO:app:РџРѕР»СѓС‡РµРЅ webhook - РЅР°С‡Р°Р»Рѕ РѕР±СЂР°Р±РѕС‚РєРё
INFO:app:РџРѕР»СѓС‡РµРЅРѕ СЃРѕР±С‹С‚РёРµ: payment.succeeded, ID РїР»Р°С‚РµР¶Р°: 2f7fa52d-000f-5000-8000-128d53cfac2c, СЃСѓРјРјР°: 199.00 RUB, РїРѕР»СЊР·РѕРІР°С‚РµР»СЊ: 456717505
INFO:app:РџР»Р°С‚С‘Р¶ 2f7fa52d-000f-5000-8000-128d53cfac2c РґРѕР±Р°РІР»РµРЅ РІ РѕС‡РµСЂРµРґСЊ Redis
INFO:app:Р”РѕР±Р°РІР»РµРЅР° РЅРѕРІР°СЏ Р·Р°РїРёСЃСЊ Рѕ РїР»Р°С‚РµР¶Рµ СЃ payment_id=2f7fa52d-000f-5000-8000-128d53cfac2c
INFO:app:РџРѕР»СѓС‡РµРЅ webhook - РЅР°С‡Р°Р»Рѕ РѕР±СЂР°Р±РѕС‚РєРё
INFO:app:РџРѕР»СѓС‡РµРЅРѕ СЃРѕР±С‹С‚РёРµ: payment.succeeded, ID РїР»Р°С‚РµР¶Р°: 2f7fa556-000f-5000-b000-11fe05e51f3a, СЃСѓРјРјР°: 549.00 RUB, РїРѕР»СЊР·РѕРІР°С‚РµР»СЊ: 456717505
INFO:app:РџР»Р°С‚С‘Р¶ 2f7fa556-000f-5000-b000-11fe05e51f3a РґРѕР±Р°РІР»РµРЅ РІ РѕС‡РµСЂРµРґСЊ Redis
INFO:app:Р”РѕР±Р°РІР»РµРЅР° РЅРѕРІР°СЏ Р·Р°РїРёСЃСЊ Рѕ РїР»Р°С‚РµР¶Рµ СЃ payment_id=2f7fa556-000f-5000-b000-11fe05e51f3a
INFO:app:РџРѕР»СѓС‡РµРЅ webhook - РЅР°С‡Р°Р»Рѕ РѕР±СЂР°Р±РѕС‚РєРё
INFO:app:РџРѕР»СѓС‡РµРЅРѕ СЃРѕР±С‹С‚РёРµ: payment.succeeded, ID РїР»Р°С‚РµР¶Р°: 2f7fa5ca-000f-5000-8000-16953d33e98b, СЃСѓРјРјР°: 1049.00 RUB, РїРѕР»СЊР·РѕРІР°С‚РµР»СЊ: 456717505
INFO:app:РџР»Р°С‚С‘Р¶ 2f7fa5ca-000f-5000-8000-16953d33e98b РґРѕР±Р°РІР»РµРЅ РІ РѕС‡РµСЂРµРґСЊ Redis
INFO:app:Р”РѕР±Р°РІР»РµРЅР° РЅРѕРІР°СЏ Р·Р°РїРёСЃСЊ Рѕ РїР»Р°С‚РµР¶Рµ СЃ payment_id=2f7fa5ca-000f-5000-8000-16953d33e98b
INFO:app:РџРѕР»СѓС‡РµРЅ webhook - РЅР°С‡Р°Р»Рѕ РѕР±СЂР°Р±РѕС‚РєРё
INFO:app:РџРѕР»СѓС‡РµРЅРѕ СЃРѕР±С‹С‚РёРµ: payment.succeeded, ID РїР»Р°С‚РµР¶Р°: 2f7f99ef-000f-5000-b000-191ca6e608f2, СЃСѓРјРјР°: 199.00 RUB, РїРѕР»СЊР·РѕРІР°С‚РµР»СЊ: 456717505
ERROR:app:РћС€РёР±РєР° РѕР±СЂР°Р±РѕС‚РєРё РІРµР±С…СѓРєР°: argument of type 'float' is not iterable
INFO:app:РџРѕР»СѓС‡РµРЅ webhook - РЅР°С‡Р°Р»Рѕ РѕР±СЂР°Р±РѕС‚РєРё
INFO:app:РџРѕР»СѓС‡РµРЅРѕ СЃРѕР±С‹С‚РёРµ: payment.succeeded, ID РїР»Р°С‚РµР¶Р°: 2f7f962f-000f-5000-9000-16bd7deac114, СЃСѓРјРјР°: 549.00 RUB, РїРѕР»СЊР·РѕРІР°С‚РµР»СЊ: 456717505
ERROR:app:РћС€РёР±РєР° РѕР±СЂР°Р±РѕС‚РєРё РІРµР±С…СѓРєР°: argument of type 'float' is not iterable
INFO:app:РџРѕР»СѓС‡РµРЅ webhook - РЅР°С‡Р°Р»Рѕ РѕР±СЂР°Р±РѕС‚РєРё
INFO:app:РџРѕР»СѓС‡РµРЅРѕ СЃРѕР±С‹С‚РёРµ: payment.succeeded, ID РїР»Р°С‚РµР¶Р°: 2f7f9906-000f-5000-b000-190c8ac0f4e5, СЃСѓРјРјР°: 199.00 RUB, РїРѕР»СЊР·РѕРІР°С‚РµР»СЊ: 456717505
ERROR:app:РћС€РёР±РєР° РѕР±СЂР°Р±РѕС‚РєРё РІРµР±С…СѓРєР°: argument of type 'float' is not iterable
INFO:app:РџРѕР»СѓС‡РµРЅ webhook - РЅР°С‡Р°Р»Рѕ РѕР±СЂР°Р±РѕС‚РєРё
INFO:app:РџРѕР»СѓС‡РµРЅРѕ СЃРѕР±С‹С‚РёРµ: payment.succeeded, ID РїР»Р°С‚РµР¶Р°: 2f7f9906-000f-5000-b000-190c8ac0f4e5, СЃСѓРјРјР°: 199.00 RUB, РїРѕР»СЊР·РѕРІР°С‚РµР»СЊ: 456717505
ERROR:app:РћС€РёР±РєР° РѕР±СЂР°Р±РѕС‚РєРё РІРµР±С…СѓРєР°: argument of type 'float' is not iterable
INFO:app:РџРѕР»СѓС‡РµРЅ webhook - РЅР°С‡Р°Р»Рѕ РѕР±СЂР°Р±РѕС‚РєРё
INFO:app:РџРѕР»СѓС‡РµРЅРѕ СЃРѕР±С‹С‚РёРµ: payment.succeeded, ID РїР»Р°С‚РµР¶Р°: 2f7f9906-000f-5000-b000-190c8ac0f4e5, СЃСѓРјРјР°: 199.00 RUB, РїРѕР»СЊР·РѕРІР°С‚РµР»СЊ: 456717505
ERROR:app:РћС€РёР±РєР° РѕР±СЂР°Р±РѕС‚РєРё РІРµР±С…СѓРєР°: argument of type 'float' is not iterable
INFO:app:РџРѕР»СѓС‡РµРЅ webhook - РЅР°С‡Р°Р»Рѕ РѕР±СЂР°Р±РѕС‚РєРё
INFO:app:РџРѕР»СѓС‡РµРЅРѕ СЃРѕР±С‹С‚РёРµ: payment.succeeded, ID РїР»Р°С‚РµР¶Р°: 2f7f99ef-000f-5000-b000-191ca6e608f2, СЃСѓРјРјР°: 199.00 RUB, РїРѕР»СЊР·РѕРІР°С‚РµР»СЊ: 456717505
ERROR:app:РћС€РёР±РєР° РѕР±СЂР°Р±РѕС‚РєРё РІРµР±С…СѓРєР°: argument of type 'float' is not iterable
INFO:app:РџРѕР»СѓС‡РµРЅ webhook - РЅР°С‡Р°Р»Рѕ РѕР±СЂР°Р±РѕС‚РєРё
INFO:app:РџРѕР»СѓС‡РµРЅРѕ СЃРѕР±С‹С‚РёРµ: payment.succeeded, ID РїР»Р°С‚РµР¶Р°: 2f7f99ef-000f-5000-b000-191ca6e608f2, СЃСѓРјРјР°: 199.00 RUB, РїРѕР»СЊР·РѕРІР°С‚РµР»СЊ: 456717505
ERROR:app:РћС€РёР±РєР° РѕР±СЂР°Р±РѕС‚РєРё РІРµР±С…СѓРєР°: argument of type 'float' is not iterable
INFO:app:РџРѕР»СѓС‡РµРЅ webhook - РЅР°С‡Р°Р»Рѕ РѕР±СЂР°Р±РѕС‚РєРё
INFO:app:РџРѕР»СѓС‡РµРЅРѕ СЃРѕР±С‹С‚РёРµ: payment.succeeded, ID РїР»Р°С‚РµР¶Р°: 2f7f9ad8-000f-5000-b000-14527a4b2229, СЃСѓРјРјР°: 199.00 RUB, РїРѕР»СЊР·РѕРІР°С‚РµР»СЊ: 456717505
ERROR:app:РћС€РёР±РєР° РѕР±СЂР°Р±РѕС‚РєРё РІРµР±С…СѓРєР°: argument of type 'float' is not iterable
INFO:app:РџРѕР»СѓС‡РµРЅ webhook - РЅР°С‡Р°Р»Рѕ РѕР±СЂР°Р±РѕС‚РєРё
INFO:app:РџРѕР»СѓС‡РµРЅРѕ СЃРѕР±С‹С‚РёРµ: payment.succeeded, ID РїР»Р°С‚РµР¶Р°: 2f7f9906-000f-5000-b000-190c8ac0f4e5, СЃСѓРјРјР°: 199.00 RUB, РїРѕР»СЊР·РѕРІР°С‚РµР»СЊ: 456717505
ERROR:app:РћС€РёР±РєР° РѕР±СЂР°Р±РѕС‚РєРё РІРµР±С…СѓРєР°: argument of type 'float' is not iterable
INFO:app:РџРѕР»СѓС‡РµРЅ webhook - РЅР°С‡Р°Р»Рѕ РѕР±СЂР°Р±РѕС‚РєРё
INFO:app:РџРѕР»СѓС‡РµРЅРѕ СЃРѕР±С‹С‚РёРµ: payment.succeeded, ID РїР»Р°С‚РµР¶Р°: 2f7f9ad8-000f-5000-b000-14527a4b2229, СЃСѓРјРјР°: 199.00 RUB, РїРѕР»СЊР·РѕРІР°С‚РµР»СЊ: 456717505
ERROR:app:РћС€РёР±РєР° РѕР±СЂР°Р±РѕС‚РєРё РІРµР±С…СѓРєР°: argument of type 'float' is not iterable
INFO:app:РџРѕР»СѓС‡РµРЅ webhook - РЅР°С‡Р°Р»Рѕ РѕР±СЂР°Р±РѕС‚РєРё
INFO:app:РџРѕР»СѓС‡РµРЅРѕ СЃРѕР±С‹С‚РёРµ: payment.succeeded, ID РїР»Р°С‚РµР¶Р°: 2f7f9ad8-000f-5000-b000-14527a4b2229, СЃСѓРјРјР°: 199.00 RUB, РїРѕР»СЊР·РѕРІР°С‚РµР»СЊ: 456717505
ERROR:app:РћС€РёР±РєР° РѕР±СЂР°Р±РѕС‚РєРё РІРµР±С…СѓРєР°: argument of type 'float' is not iterable
INFO:app:РџРѕР»СѓС‡РµРЅ webhook - РЅР°С‡Р°Р»Рѕ РѕР±СЂР°Р±РѕС‚РєРё
INFO:app:РџРѕР»СѓС‡РµРЅРѕ СЃРѕР±С‹С‚РёРµ: payment.succeeded, ID РїР»Р°С‚РµР¶Р°: 2f7f9ad8-000f-5000-b000-14527a4b2229, СЃСѓРјРјР°: 199.00 RUB, РїРѕР»СЊР·РѕРІР°С‚РµР»СЊ: 456717505
ERROR:app:РћС€РёР±РєР° РѕР±СЂР°Р±РѕС‚РєРё РІРµР±С…СѓРєР°: argument of type 'float' is not iterable
INFO:app:РџРѕР»СѓС‡РµРЅ webhook - РЅР°С‡Р°Р»Рѕ РѕР±СЂР°Р±РѕС‚РєРё
INFO:app:РџРѕР»СѓС‡РµРЅРѕ СЃРѕР±С‹С‚РёРµ: payment.succeeded, ID РїР»Р°С‚РµР¶Р°: 2f7f9906-000f-5000-b000-190c8ac0f4e5, СЃСѓРјРјР°: 199.00 RUB, РїРѕР»СЊР·РѕРІР°С‚РµР»СЊ: 456717505
ERROR:app:РћС€РёР±РєР° РѕР±СЂР°Р±РѕС‚РєРё РІРµР±С…СѓРєР°: argument of type 'float' is not iterable
INFO:app:РџРѕР»СѓС‡РµРЅ webhook - РЅР°С‡Р°Р»Рѕ РѕР±СЂР°Р±РѕС‚РєРё
INFO:app:РџРѕР»СѓС‡РµРЅРѕ СЃРѕР±С‹С‚РёРµ: payment.succeeded, ID РїР»Р°С‚РµР¶Р°: 2f7f99ef-000f-5000-b000-191ca6e608f2, СЃСѓРјРјР°: 199.00 RUB, РїРѕР»СЊР·РѕРІР°С‚РµР»СЊ: 456717505
ERROR:app:РћС€РёР±РєР° РѕР±СЂР°Р±РѕС‚РєРё РІРµР±С…СѓРєР°: argument of type 'float' is not iterable
INFO:__main__:РРЅРёС†РёР°Р»РёР·Р°С†РёСЏ РїСЂРёР»РѕР¶РµРЅРёСЏ...
INFO:__main__:Redis СѓСЃРїРµС€РЅРѕ РёРЅРёС†РёР°Р»РёР·РёСЂРѕРІР°РЅ.
INFO:__main__:вњ… РџРѕРґРєР»СЋС‡РµРЅРёРµ Рє Redis РїСЂРѕС€Р»Рѕ СѓСЃРїРµС€РЅРѕ.
INFO:__main__:РџРѕР»СѓС‡РµРЅ webhook - РЅР°С‡Р°Р»Рѕ РѕР±СЂР°Р±РѕС‚РєРё
INFO:__main__:РџРѕР»СѓС‡РµРЅРѕ СЃРѕР±С‹С‚РёРµ: payment.succeeded, ID РїР»Р°С‚РµР¶Р°: 2f91cdc2-000f-5001-8000-11dfd9ed43aa, СЃСѓРјРјР°: 199.00 RUB, РїРѕР»СЊР·РѕРІР°С‚РµР»СЊ: 456717505
ERROR:__main__:РћС€РёР±РєР° РѕР±СЂР°Р±РѕС‚РєРё РІРµР±С…СѓРєР°: Error while reading from 217.25.91.109:6379 : (22, 'РЈРєР°Р·Р°РЅРЅРѕРµ СЃРµС‚РµРІРѕРµ РёРјСЏ Р±РѕР»РµРµ РЅРµРґРѕСЃС‚СѓРїРЅРѕ', None, 64, None)
INFO:__main__:РџРѕР»СѓС‡РµРЅ webhook - РЅР°С‡Р°Р»Рѕ РѕР±СЂР°Р±РѕС‚РєРё
INFO:__main__:РџРѕР»СѓС‡РµРЅРѕ СЃРѕР±С‹С‚РёРµ: payment.succeeded, ID РїР»Р°С‚РµР¶Р°: 2f91cdc2-000f-5001-8000-11dfd9ed43aa, СЃСѓРјРјР°: 199.00 RUB, РїРѕР»СЊР·РѕРІР°С‚РµР»СЊ: 456717505
INFO:__main__:РџР»Р°С‚С‘Р¶ 2f91cdc2-000f-5001-8000-11dfd9ed43aa РґРѕР±Р°РІР»РµРЅ РІ РѕС‡РµСЂРµРґСЊ Redis
INFO:__main__:Р”РѕР±Р°РІР»РµРЅР° РЅРѕРІР°СЏ Р·Р°РїРёСЃСЊ Рѕ РїР»Р°С‚РµР¶Рµ СЃ payment_id=2f91cdc2-000f-5001-8000-11dfd9ed43aa
INFO:__main__:РџРѕР»СѓС‡РµРЅ webhook - РЅР°С‡Р°Р»Рѕ РѕР±СЂР°Р±РѕС‚РєРё
INFO:__main__:РџРѕР»СѓС‡РµРЅРѕ СЃРѕР±С‹С‚РёРµ: payment.succeeded, ID РїР»Р°С‚РµР¶Р°: 2f91cfd2-000f-5000-b000-1e3ba900444c, СЃСѓРјРјР°: 549.00 RUB, РїРѕР»СЊР·РѕРІР°С‚РµР»СЊ: 456717505
INFO:__main__:РџР»Р°С‚С‘Р¶ 2f91cfd2-000f-5000-b000-1e3ba900444c РґРѕР±Р°РІР»РµРЅ РІ РѕС‡РµСЂРµРґСЊ Redis
INFO:__main__:Р”РѕР±Р°РІР»РµРЅР° РЅРѕРІР°СЏ Р·Р°РїРёСЃСЊ Рѕ РїР»Р°С‚РµР¶Рµ СЃ payment_id=2f91cfd2-000f-5000-b000-1e3ba900444c
